<?xml version="1.0" encoding="UTF-8"?>
<testsuite name="AppTest" tests="1" skipped="0" failures="0" errors="0" timestamp="2025-08-30T13:01:45.675Z" hostname="DESKTOP-DVMH1R7" time="0.073">
  <properties/>
  <testcase name="testMainMethod()" classname="AppTest" time="0.073"/>
  <system-out><![CDATA[]]></system-out>
  <system-err><![CDATA[]]></system-err>
</testsuite>
